<?xml version="1.0" encoding="UTF-8"?>
<!-- Generated by org.testng.reporters.JUnitReportReporter -->
<testsuite hostname="Machani-MASK" failures="0" tests="7" name="com.ohrm.testcases.DashboardPageTest" time="129.969" errors="0" timestamp="2024-02-28T18:27:31 IST" skipped="0">
  <testcase classname="com.ohrm.testcases.DashboardPageTest" name="validateEmployeesOnLeaveToday" time="20.799"/>
  <system-out/>
  <testcase classname="com.ohrm.testcases.DashboardPageTest" name="validateEmployeeDistributionbySubUnit" time="18.090"/>
  <system-out/>
  <testcase classname="com.ohrm.testcases.DashboardPageTest" name="validateQuickLaunch" time="20.058"/>
  <system-out/>
  <testcase classname="com.ohrm.testcases.DashboardPageTest" name="validateTimeWorkSectionTest" time="19.550"/>
  <system-out/>
  <testcase classname="com.ohrm.testcases.DashboardPageTest" name="validateBuzzLatestPosts" time="19.782"/>
  <system-out/>
  <testcase classname="com.ohrm.testcases.DashboardPageTest" name="validateEmployeeDistributionbyLocation" time="12.741"/>
  <system-out/>
  <testcase classname="com.ohrm.testcases.DashboardPageTest" name="validateMyActionsTest" time="18.949"/>
  <system-out/>
</testsuite> <!-- com.ohrm.testcases.DashboardPageTest -->
