<?xml version="1.0" encoding="UTF-8"?>
<!-- Generated by org.testng.reporters.JUnitReportReporter -->
<testsuite hostname="Machani-MASK" failures="0" tests="1" name="com.ohrm.testcases.LoginPageTest" time="0.000" errors="0" timestamp="2024-02-29T20:05:08 IST" skipped="1">
  <testcase classname="com.ohrm.testcases.LoginPageTest" name="validateMultipleData" time="0.000">
    <skipped/>
  </testcase> <!-- validateMultipleData -->
  <system-out/>
</testsuite> <!-- com.ohrm.testcases.LoginPageTest -->
